[dotenv@17.2.3] injecting env (6) from .env -- tip: 🔐 prevent building .env in docker: https://dotenvx.com/prebuild
Loaded exhibitorController
Loaded visitorController
Loaded invoiceController
[dotenv@17.2.3] injecting env (0) from .env -- tip: 🔑 add access controls to secrets: https://dotenvx.com/ops
Server running on port 5000
Database schema synchronized from schema.sql
Ran migration: 001_create_organization_invites.sql
Ran migration: 002_create_events.sql
Ran migration: 003_create_exhibitor.sql
Ran migration: 004_create_visitors.sql
Ran migration: 005_create_invoices.sql
Ran migration: 006_create_custom_plans.sql
Database error in getInvoices: error: column o.org_name does not exist
    at /home/billiton/Documents/Billiton/Expo_project/server/node_modules/pg-pool/index.js:45:11
    at process.processTicksAndRejections (node:internal/process/task_queues:103:5)
    at async getInvoices (/home/billiton/Documents/Billiton/Expo_project/server/controllers/invoiceController.js:7:24) {
  length: 108,
  severity: 'ERROR',
  code: '42703',
  detail: undefined,
  hint: undefined,
  position: '13',
  internalPosition: undefined,
  internalQuery: undefined,
  where: undefined,
  schema: undefined,
  table: undefined,
  column: undefined,
  dataType: undefined,
  constraint: undefined,
  file: 'parse_relation.c',
  line: '3722',
  routine: 'errorMissingColumn'
}
Database error in getInvoices: error: column o.org_name does not exist
    at /home/billiton/Documents/Billiton/Expo_project/server/node_modules/pg-pool/index.js:45:11
    at process.processTicksAndRejections (node:internal/process/task_queues:103:5)
    at async getInvoices (/home/billiton/Documents/Billiton/Expo_project/server/controllers/invoiceController.js:7:24) {
  length: 108,
  severity: 'ERROR',
  code: '42703',
  detail: undefined,
  hint: undefined,
  position: '13',
  internalPosition: undefined,
  internalQuery: undefined,
  where: undefined,
  schema: undefined,
  table: undefined,
  column: undefined,
  dataType: undefined,
  constraint: undefined,
  file: 'parse_relation.c',
  line: '3722',
  routine: 'errorMissingColumn'
}
Creating organization with data: {"orgName":"HCL Technologies Ltd","tradeName":"HCL Tech","tenantType":"Enterprise","industry":"Information Technology","size":"1000+","apiAccess":false,"businessType":"partnership","isRegistered":"yes","email":"alupulamanideep@gmail.com","mobile":"7893911193","state":"Karnataka","district":"Bengaluru Urban","town":"Bengaluru Urban","address":"","contactName":"ewrewrewr","contactEmail":"erwrwer@gmail.com","contactPhone":"4534534","altPhone":"5445345","website":"","gstNumber":"29AAACH7409R1ZX","panNumber":"AAACH7409R","regNumber":"U72200KA2021PTC145678","dateInc":"2021-03-15","isVerified":true,"features":["api_access","multi_user"],"plan":"Professional"}
Executing SQL: INSERT INTO organizations (name, trade_name, tenant_type, industry, size, api_access, business_type, is_registered, primary_email, primary_mobile, state, district, town, address, contact_name, contact_email, contact_phone, alt_phone, website, gst_number, pan_number, reg_number, date_inc, is_verified, features, plan, status, created_at, updated_at) VALUES ($1, $2, $3, $4, $5, $6, $7, $8, $9, $10, $11, $12, $13, $14, $15, $16, $17, $18, $19, $20, $21, $22, $23, $24, $25, $26, $27, NOW(), NOW()) RETURNING * Values: [
  'HCL Technologies Ltd',
  'HCL Tech',
  'Enterprise',
  'Information Technology',
  '1000+',
  false,
  'partnership',
  true,
  'alupulamanideep@gmail.com',
  '7893911193',
  'Karnataka',
  'Bengaluru Urban',
  'Bengaluru Urban',
  '',
  'ewrewrewr',
  'erwrwer@gmail.com',
  '4534534',
  '5445345',
  '',
  '29AAACH7409R1ZX',
  'AAACH7409R',
  'U72200KA2021PTC145678',
  2021-03-15T00:00:00.000Z,
  true,
  [ 'api_access', 'multi_user' ],
  'Professional',
  'Active'
]
Error creating organization: error: duplicate key value violates unique constraint "organizations_primary_email_uniq"
    at /home/billiton/Documents/Billiton/Expo_project/server/node_modules/pg/lib/client.js:545:17
    at process.processTicksAndRejections (node:internal/process/task_queues:103:5)
    at async createOrganization (/home/billiton/Documents/Billiton/Expo_project/server/controllers/organizationController.js:391:28) {
  length: 267,
  severity: 'ERROR',
  code: '23505',
  detail: 'Key (primary_email)=(alupulamanideep@gmail.com) already exists.',
  hint: undefined,
  position: undefined,
  internalPosition: undefined,
  internalQuery: undefined,
  where: undefined,
  schema: 'public',
  table: 'organizations',
  column: undefined,
  dataType: undefined,
  constraint: 'organizations_primary_email_uniq',
  file: 'nbtinsert.c',
  line: '666',
  routine: '_bt_check_unique'
}
Creating organization with data: {"orgName":"HCL Technologies Ltd","tradeName":"HCL Tech","tenantType":"Enterprise","industry":"Information Technology","size":"1000+","apiAccess":false,"businessType":"partnership","isRegistered":"yes","email":"alupulamanideep@gmail.com","mobile":"7893911193","state":"Karnataka","district":"Bengaluru Urban","town":"Bengaluru Urban","address":"","contactName":"ewrewrewr","contactEmail":"erwrwer@gmail.com","contactPhone":"4534534","altPhone":"5445345","website":"","gstNumber":"29AAACH7409R1ZX","panNumber":"AAACH7409R","regNumber":"U72200KA2021PTC145678","dateInc":"2021-03-15","isVerified":true,"features":["api_access","multi_user"],"plan":"Professional"}
Executing SQL: INSERT INTO organizations (name, trade_name, tenant_type, industry, size, api_access, business_type, is_registered, primary_email, primary_mobile, state, district, town, address, contact_name, contact_email, contact_phone, alt_phone, website, gst_number, pan_number, reg_number, date_inc, is_verified, features, plan, status, created_at, updated_at) VALUES ($1, $2, $3, $4, $5, $6, $7, $8, $9, $10, $11, $12, $13, $14, $15, $16, $17, $18, $19, $20, $21, $22, $23, $24, $25, $26, $27, NOW(), NOW()) RETURNING * Values: [
  'HCL Technologies Ltd',
  'HCL Tech',
  'Enterprise',
  'Information Technology',
  '1000+',
  false,
  'partnership',
  true,
  'alupulamanideep@gmail.com',
  '7893911193',
  'Karnataka',
  'Bengaluru Urban',
  'Bengaluru Urban',
  '',
  'ewrewrewr',
  'erwrwer@gmail.com',
  '4534534',
  '5445345',
  '',
  '29AAACH7409R1ZX',
  'AAACH7409R',
  'U72200KA2021PTC145678',
  2021-03-15T00:00:00.000Z,
  true,
  [ 'api_access', 'multi_user' ],
  'Professional',
  'Active'
]
Error creating organization: error: duplicate key value violates unique constraint "organizations_primary_email_uniq"
    at /home/billiton/Documents/Billiton/Expo_project/server/node_modules/pg/lib/client.js:545:17
    at process.processTicksAndRejections (node:internal/process/task_queues:103:5)
    at async createOrganization (/home/billiton/Documents/Billiton/Expo_project/server/controllers/organizationController.js:391:28) {
  length: 267,
  severity: 'ERROR',
  code: '23505',
  detail: 'Key (primary_email)=(alupulamanideep@gmail.com) already exists.',
  hint: undefined,
  position: undefined,
  internalPosition: undefined,
  internalQuery: undefined,
  where: undefined,
  schema: 'public',
  table: 'organizations',
  column: undefined,
  dataType: undefined,
  constraint: 'organizations_primary_email_uniq',
  file: 'nbtinsert.c',
  line: '666',
  routine: '_bt_check_unique'
}
Creating organization with data: {"orgName":"HCL Technologies Ltd","tradeName":"HCL Tech","tenantType":"Enterprise","industry":"Information Technology","size":"1000+","apiAccess":false,"businessType":"partnership","isRegistered":"yes","email":"alupulamanideep@gmail.com","mobile":"7893911193","state":"Karnataka","district":"Bengaluru Urban","town":"Bengaluru Urban","address":"","contactName":"ewrewrewr","contactEmail":"erwrwer@gmail.com","contactPhone":"4534534","altPhone":"5445345","website":"","gstNumber":"29AAACH7409R1ZX","panNumber":"AAACH7409R","regNumber":"U72200KA2021PTC145678","dateInc":"2021-03-15","isVerified":true,"features":["api_access","multi_user"],"plan":"Basic"}
Executing SQL: INSERT INTO organizations (name, trade_name, tenant_type, industry, size, api_access, business_type, is_registered, primary_email, primary_mobile, state, district, town, address, contact_name, contact_email, contact_phone, alt_phone, website, gst_number, pan_number, reg_number, date_inc, is_verified, features, plan, status, created_at, updated_at) VALUES ($1, $2, $3, $4, $5, $6, $7, $8, $9, $10, $11, $12, $13, $14, $15, $16, $17, $18, $19, $20, $21, $22, $23, $24, $25, $26, $27, NOW(), NOW()) RETURNING * Values: [
  'HCL Technologies Ltd',
  'HCL Tech',
  'Enterprise',
  'Information Technology',
  '1000+',
  false,
  'partnership',
  true,
  'alupulamanideep@gmail.com',
  '7893911193',
  'Karnataka',
  'Bengaluru Urban',
  'Bengaluru Urban',
  '',
  'ewrewrewr',
  'erwrwer@gmail.com',
  '4534534',
  '5445345',
  '',
  '29AAACH7409R1ZX',
  'AAACH7409R',
  'U72200KA2021PTC145678',
  2021-03-15T00:00:00.000Z,
  true,
  [ 'api_access', 'multi_user' ],
  'Basic',
  'Active'
]
Error creating organization: error: duplicate key value violates unique constraint "organizations_primary_email_uniq"
    at /home/billiton/Documents/Billiton/Expo_project/server/node_modules/pg/lib/client.js:545:17
    at process.processTicksAndRejections (node:internal/process/task_queues:103:5)
    at async createOrganization (/home/billiton/Documents/Billiton/Expo_project/server/controllers/organizationController.js:391:28) {
  length: 267,
  severity: 'ERROR',
  code: '23505',
  detail: 'Key (primary_email)=(alupulamanideep@gmail.com) already exists.',
  hint: undefined,
  position: undefined,
  internalPosition: undefined,
  internalQuery: undefined,
  where: undefined,
  schema: 'public',
  table: 'organizations',
  column: undefined,
  dataType: undefined,
  constraint: 'organizations_primary_email_uniq',
  file: 'nbtinsert.c',
  line: '666',
  routine: '_bt_check_unique'
}
Creating organization with data: {"orgName":"HCL Technologies Ltd","tradeName":"HCL Tech","tenantType":"Enterprise","industry":"Information Technology","size":"1000+","apiAccess":false,"businessType":"partnership","isRegistered":"yes","email":"alupulamanideep@gmail.com","mobile":"7893911193","state":"Karnataka","district":"Bengaluru Urban","town":"Bengaluru Urban","address":"","contactName":"ewrewrewr","contactEmail":"erwrwer@gmail.com","contactPhone":"4534534","altPhone":"5445345","website":"","gstNumber":"29AAACH7409R1ZX","panNumber":"AAACH7409R","regNumber":"U72200KA2021PTC145678","dateInc":"2021-03-15","isVerified":true,"features":["api_access","multi_user"],"plan":"Basic"}
Executing SQL: INSERT INTO organizations (name, trade_name, tenant_type, industry, size, api_access, business_type, is_registered, primary_email, primary_mobile, state, district, town, address, contact_name, contact_email, contact_phone, alt_phone, website, gst_number, pan_number, reg_number, date_inc, is_verified, features, plan, status, created_at, updated_at) VALUES ($1, $2, $3, $4, $5, $6, $7, $8, $9, $10, $11, $12, $13, $14, $15, $16, $17, $18, $19, $20, $21, $22, $23, $24, $25, $26, $27, NOW(), NOW()) RETURNING * Values: [
  'HCL Technologies Ltd',
  'HCL Tech',
  'Enterprise',
  'Information Technology',
  '1000+',
  false,
  'partnership',
  true,
  'alupulamanideep@gmail.com',
  '7893911193',
  'Karnataka',
  'Bengaluru Urban',
  'Bengaluru Urban',
  '',
  'ewrewrewr',
  'erwrwer@gmail.com',
  '4534534',
  '5445345',
  '',
  '29AAACH7409R1ZX',
  'AAACH7409R',
  'U72200KA2021PTC145678',
  2021-03-15T00:00:00.000Z,
  true,
  [ 'api_access', 'multi_user' ],
  'Basic',
  'Active'
]
Error creating organization: error: duplicate key value violates unique constraint "organizations_primary_email_uniq"
    at /home/billiton/Documents/Billiton/Expo_project/server/node_modules/pg/lib/client.js:545:17
    at process.processTicksAndRejections (node:internal/process/task_queues:103:5)
    at async createOrganization (/home/billiton/Documents/Billiton/Expo_project/server/controllers/organizationController.js:391:28) {
  length: 267,
  severity: 'ERROR',
  code: '23505',
  detail: 'Key (primary_email)=(alupulamanideep@gmail.com) already exists.',
  hint: undefined,
  position: undefined,
  internalPosition: undefined,
  internalQuery: undefined,
  where: undefined,
  schema: 'public',
  table: 'organizations',
  column: undefined,
  dataType: undefined,
  constraint: 'organizations_primary_email_uniq',
  file: 'nbtinsert.c',
  line: '666',
  routine: '_bt_check_unique'
}
Creating organization with data: {"orgName":"HCL Technologies Ltd","tradeName":"HCL Tech","tenantType":"Enterprise","industry":"Information Technology","size":"1000+","apiAccess":false,"businessType":"partnership","isRegistered":"yes","email":"alupulamanideep@gmail.com","mobile":"7893911193","state":"Karnataka","district":"Bengaluru Urban","town":"Bengaluru Urban","address":"","contactName":"ewrewrewr","contactEmail":"erwrwer@gmail.com","contactPhone":"4534534","altPhone":"5445345","website":"","gstNumber":"29AAACH7409R1ZX","panNumber":"AAACH7409R","regNumber":"U72200KA2021PTC145678","dateInc":"2021-03-15","isVerified":true,"features":["api_access","multi_user"],"plan":"Enterprise"}
Executing SQL: INSERT INTO organizations (name, trade_name, tenant_type, industry, size, api_access, business_type, is_registered, primary_email, primary_mobile, state, district, town, address, contact_name, contact_email, contact_phone, alt_phone, website, gst_number, pan_number, reg_number, date_inc, is_verified, features, plan, status, created_at, updated_at) VALUES ($1, $2, $3, $4, $5, $6, $7, $8, $9, $10, $11, $12, $13, $14, $15, $16, $17, $18, $19, $20, $21, $22, $23, $24, $25, $26, $27, NOW(), NOW()) RETURNING * Values: [
  'HCL Technologies Ltd',
  'HCL Tech',
  'Enterprise',
  'Information Technology',
  '1000+',
  false,
  'partnership',
  true,
  'alupulamanideep@gmail.com',
  '7893911193',
  'Karnataka',
  'Bengaluru Urban',
  'Bengaluru Urban',
  '',
  'ewrewrewr',
  'erwrwer@gmail.com',
  '4534534',
  '5445345',
  '',
  '29AAACH7409R1ZX',
  'AAACH7409R',
  'U72200KA2021PTC145678',
  2021-03-15T00:00:00.000Z,
  true,
  [ 'api_access', 'multi_user' ],
  'Enterprise',
  'Active'
]
Error creating organization: error: duplicate key value violates unique constraint "organizations_primary_email_uniq"
    at /home/billiton/Documents/Billiton/Expo_project/server/node_modules/pg/lib/client.js:545:17
    at process.processTicksAndRejections (node:internal/process/task_queues:103:5)
    at async createOrganization (/home/billiton/Documents/Billiton/Expo_project/server/controllers/organizationController.js:391:28) {
  length: 267,
  severity: 'ERROR',
  code: '23505',
  detail: 'Key (primary_email)=(alupulamanideep@gmail.com) already exists.',
  hint: undefined,
  position: undefined,
  internalPosition: undefined,
  internalQuery: undefined,
  where: undefined,
  schema: 'public',
  table: 'organizations',
  column: undefined,
  dataType: undefined,
  constraint: 'organizations_primary_email_uniq',
  file: 'nbtinsert.c',
  line: '666',
  routine: '_bt_check_unique'
}
Creating organization with data: {"orgName":"HCL Technologies Ltd","tradeName":"HCL Tech","tenantType":"Enterprise","industry":"Information Technology","size":"1000+","apiAccess":false,"businessType":"partnership","isRegistered":"yes","email":"alupulamanideep@gmail.com","mobile":"7893911193","state":"Karnataka","district":"Bengaluru Urban","town":"Bengaluru Urban","address":"","contactName":"ewrewrewr","contactEmail":"erwrwer@gmail.com","contactPhone":"4534534","altPhone":"5445345","website":"","gstNumber":"29AAACH7409R1ZX","panNumber":"AAACH7409R","regNumber":"U72200KA2021PTC145678","dateInc":"2021-03-15","isVerified":true,"features":["api_access","multi_user"],"plan":"Enterprise"}
Executing SQL: INSERT INTO organizations (name, trade_name, tenant_type, industry, size, api_access, business_type, is_registered, primary_email, primary_mobile, state, district, town, address, contact_name, contact_email, contact_phone, alt_phone, website, gst_number, pan_number, reg_number, date_inc, is_verified, features, plan, status, created_at, updated_at) VALUES ($1, $2, $3, $4, $5, $6, $7, $8, $9, $10, $11, $12, $13, $14, $15, $16, $17, $18, $19, $20, $21, $22, $23, $24, $25, $26, $27, NOW(), NOW()) RETURNING * Values: [
  'HCL Technologies Ltd',
  'HCL Tech',
  'Enterprise',
  'Information Technology',
  '1000+',
  false,
  'partnership',
  true,
  'alupulamanideep@gmail.com',
  '7893911193',
  'Karnataka',
  'Bengaluru Urban',
  'Bengaluru Urban',
  '',
  'ewrewrewr',
  'erwrwer@gmail.com',
  '4534534',
  '5445345',
  '',
  '29AAACH7409R1ZX',
  'AAACH7409R',
  'U72200KA2021PTC145678',
  2021-03-15T00:00:00.000Z,
  true,
  [ 'api_access', 'multi_user' ],
  'Enterprise',
  'Active'
]
Error creating organization: error: duplicate key value violates unique constraint "organizations_primary_email_uniq"
    at /home/billiton/Documents/Billiton/Expo_project/server/node_modules/pg/lib/client.js:545:17
    at process.processTicksAndRejections (node:internal/process/task_queues:103:5)
    at async createOrganization (/home/billiton/Documents/Billiton/Expo_project/server/controllers/organizationController.js:391:28) {
  length: 267,
  severity: 'ERROR',
  code: '23505',
  detail: 'Key (primary_email)=(alupulamanideep@gmail.com) already exists.',
  hint: undefined,
  position: undefined,
  internalPosition: undefined,
  internalQuery: undefined,
  where: undefined,
  schema: 'public',
  table: 'organizations',
  column: undefined,
  dataType: undefined,
  constraint: 'organizations_primary_email_uniq',
  file: 'nbtinsert.c',
  line: '666',
  routine: '_bt_check_unique'
}
Creating organization with data: {"orgName":"HCL Technologies Ltd","tradeName":"HCL Tech","tenantType":"Enterprise","industry":"Information Technology","size":"1000+","apiAccess":false,"businessType":"partnership","isRegistered":"yes","email":"alupulamanideep@gmail.com","mobile":"7893911193","state":"Karnataka","district":"Bengaluru Urban","town":"Bengaluru Urban","address":"","contactName":"ewrewrewr","contactEmail":"erwrwer@gmail.com","contactPhone":"4534534","altPhone":"5445345","website":"","gstNumber":"29AAACH7409R1ZX","panNumber":"AAACH7409R","regNumber":"U72200KA2021PTC145678","dateInc":"2021-03-15","isVerified":true,"features":["api_access","multi_user"],"plan":"Enterprise"}
Executing SQL: INSERT INTO organizations (name, trade_name, tenant_type, industry, size, api_access, business_type, is_registered, primary_email, primary_mobile, state, district, town, address, contact_name, contact_email, contact_phone, alt_phone, website, gst_number, pan_number, reg_number, date_inc, is_verified, features, plan, status, created_at, updated_at) VALUES ($1, $2, $3, $4, $5, $6, $7, $8, $9, $10, $11, $12, $13, $14, $15, $16, $17, $18, $19, $20, $21, $22, $23, $24, $25, $26, $27, NOW(), NOW()) RETURNING * Values: [
  'HCL Technologies Ltd',
  'HCL Tech',
  'Enterprise',
  'Information Technology',
  '1000+',
  false,
  'partnership',
  true,
  'alupulamanideep@gmail.com',
  '7893911193',
  'Karnataka',
  'Bengaluru Urban',
  'Bengaluru Urban',
  '',
  'ewrewrewr',
  'erwrwer@gmail.com',
  '4534534',
  '5445345',
  '',
  '29AAACH7409R1ZX',
  'AAACH7409R',
  'U72200KA2021PTC145678',
  2021-03-15T00:00:00.000Z,
  true,
  [ 'api_access', 'multi_user' ],
  'Enterprise',
  'Active'
]
Error creating organization: error: duplicate key value violates unique constraint "organizations_primary_email_uniq"
    at /home/billiton/Documents/Billiton/Expo_project/server/node_modules/pg/lib/client.js:545:17
    at process.processTicksAndRejections (node:internal/process/task_queues:103:5)
    at async createOrganization (/home/billiton/Documents/Billiton/Expo_project/server/controllers/organizationController.js:391:28) {
  length: 267,
  severity: 'ERROR',
  code: '23505',
  detail: 'Key (primary_email)=(alupulamanideep@gmail.com) already exists.',
  hint: undefined,
  position: undefined,
  internalPosition: undefined,
  internalQuery: undefined,
  where: undefined,
  schema: 'public',
  table: 'organizations',
  column: undefined,
  dataType: undefined,
  constraint: 'organizations_primary_email_uniq',
  file: 'nbtinsert.c',
  line: '666',
  routine: '_bt_check_unique'
}
Creating organization with data: {"orgName":"HCL Technologies Ltd","tradeName":"HCL Tech","tenantType":"Enterprise","industry":"Information Technology","size":"1000+","apiAccess":false,"businessType":"partnership","isRegistered":"yes","email":"alupulamanideep@gmail.com","mobile":"7893911193","state":"Karnataka","district":"Bengaluru Urban","town":"Bengaluru Urban","address":"","contactName":"ewrewrewr","contactEmail":"erwrwer@gmail.com","contactPhone":"4534534","altPhone":"5445345","website":"","gstNumber":"29AAACH7409R1ZX","panNumber":"AAACH7409R","regNumber":"U72200KA2021PTC145678","dateInc":"2021-03-15","isVerified":true,"features":["api_access","multi_user"],"plan":"Custom"}
Executing SQL: INSERT INTO organizations (name, trade_name, tenant_type, industry, size, api_access, business_type, is_registered, primary_email, primary_mobile, state, district, town, address, contact_name, contact_email, contact_phone, alt_phone, website, gst_number, pan_number, reg_number, date_inc, is_verified, features, plan, status, created_at, updated_at) VALUES ($1, $2, $3, $4, $5, $6, $7, $8, $9, $10, $11, $12, $13, $14, $15, $16, $17, $18, $19, $20, $21, $22, $23, $24, $25, $26, $27, NOW(), NOW()) RETURNING * Values: [
  'HCL Technologies Ltd',
  'HCL Tech',
  'Enterprise',
  'Information Technology',
  '1000+',
  false,
  'partnership',
  true,
  'alupulamanideep@gmail.com',
  '7893911193',
  'Karnataka',
  'Bengaluru Urban',
  'Bengaluru Urban',
  '',
  'ewrewrewr',
  'erwrwer@gmail.com',
  '4534534',
  '5445345',
  '',
  '29AAACH7409R1ZX',
  'AAACH7409R',
  'U72200KA2021PTC145678',
  2021-03-15T00:00:00.000Z,
  true,
  [ 'api_access', 'multi_user' ],
  'Custom',
  'Active'
]
Error creating organization: error: duplicate key value violates unique constraint "organizations_primary_email_uniq"
    at /home/billiton/Documents/Billiton/Expo_project/server/node_modules/pg/lib/client.js:545:17
    at process.processTicksAndRejections (node:internal/process/task_queues:103:5)
    at async createOrganization (/home/billiton/Documents/Billiton/Expo_project/server/controllers/organizationController.js:391:28) {
  length: 267,
  severity: 'ERROR',
  code: '23505',
  detail: 'Key (primary_email)=(alupulamanideep@gmail.com) already exists.',
  hint: undefined,
  position: undefined,
  internalPosition: undefined,
  internalQuery: undefined,
  where: undefined,
  schema: 'public',
  table: 'organizations',
  column: undefined,
  dataType: undefined,
  constraint: 'organizations_primary_email_uniq',
  file: 'nbtinsert.c',
  line: '666',
  routine: '_bt_check_unique'
}
Database error in getInvoices: error: column o.org_name does not exist
    at /home/billiton/Documents/Billiton/Expo_project/server/node_modules/pg-pool/index.js:45:11
    at process.processTicksAndRejections (node:internal/process/task_queues:103:5)
    at async getInvoices (/home/billiton/Documents/Billiton/Expo_project/server/controllers/invoiceController.js:7:24) {
  length: 108,
  severity: 'ERROR',
  code: '42703',
  detail: undefined,
  hint: undefined,
  position: '13',
  internalPosition: undefined,
  internalQuery: undefined,
  where: undefined,
  schema: undefined,
  table: undefined,
  column: undefined,
  dataType: undefined,
  constraint: undefined,
  file: 'parse_relation.c',
  line: '3722',
  routine: 'errorMissingColumn'
}
Database error in getInvoices: error: column o.org_name does not exist
    at /home/billiton/Documents/Billiton/Expo_project/server/node_modules/pg-pool/index.js:45:11
    at process.processTicksAndRejections (node:internal/process/task_queues:103:5)
    at async getInvoices (/home/billiton/Documents/Billiton/Expo_project/server/controllers/invoiceController.js:7:24) {
  length: 108,
  severity: 'ERROR',
  code: '42703',
  detail: undefined,
  hint: undefined,
  position: '13',
  internalPosition: undefined,
  internalQuery: undefined,
  where: undefined,
  schema: undefined,
  table: undefined,
  column: undefined,
  dataType: undefined,
  constraint: undefined,
  file: 'parse_relation.c',
  line: '3722',
  routine: 'errorMissingColumn'
}
Database error in getInvoices: error: column o.org_name does not exist
    at /home/billiton/Documents/Billiton/Expo_project/server/node_modules/pg-pool/index.js:45:11
    at process.processTicksAndRejections (node:internal/process/task_queues:103:5)
    at async getInvoices (/home/billiton/Documents/Billiton/Expo_project/server/controllers/invoiceController.js:7:24) {
  length: 108,
  severity: 'ERROR',
  code: '42703',
  detail: undefined,
  hint: undefined,
  position: '13',
  internalPosition: undefined,
  internalQuery: undefined,
  where: undefined,
  schema: undefined,
  table: undefined,
  column: undefined,
  dataType: undefined,
  constraint: undefined,
  file: 'parse_relation.c',
  line: '3722',
  routine: 'errorMissingColumn'
}
Database error in getInvoices: error: column o.org_name does not exist
    at /home/billiton/Documents/Billiton/Expo_project/server/node_modules/pg-pool/index.js:45:11
    at process.processTicksAndRejections (node:internal/process/task_queues:103:5)
    at async getInvoices (/home/billiton/Documents/Billiton/Expo_project/server/controllers/invoiceController.js:7:24) {
  length: 108,
  severity: 'ERROR',
  code: '42703',
  detail: undefined,
  hint: undefined,
  position: '13',
  internalPosition: undefined,
  internalQuery: undefined,
  where: undefined,
  schema: undefined,
  table: undefined,
  column: undefined,
  dataType: undefined,
  constraint: undefined,
  file: 'parse_relation.c',
  line: '3722',
  routine: 'errorMissingColumn'
}
Creating organization with data: {"orgName":"ewqewqe","tradeName":"weq","tenantType":"","industry":"","size":"","apiAccess":false,"businessType":"","isRegistered":"no","email":"we","mobile":"","state":"","district":"","town":"","address":"","contactName":"ewqe","contactEmail":"we","contactPhone":"","altPhone":"","website":"","gstNumber":"324324","panNumber":"32443","regNumber":"","dateInc":"","isVerified":false,"features":["api_access"],"plan":"Enterprise"}
Executing SQL: INSERT INTO organizations (name, trade_name, tenant_type, industry, size, api_access, business_type, is_registered, primary_email, primary_mobile, state, district, town, address, contact_name, contact_email, contact_phone, alt_phone, website, gst_number, pan_number, reg_number, date_inc, is_verified, features, plan, status, created_at, updated_at) VALUES ($1, $2, $3, $4, $5, $6, $7, $8, $9, $10, $11, $12, $13, $14, $15, $16, $17, $18, $19, $20, $21, $22, $23, $24, $25, $26, $27, NOW(), NOW()) RETURNING * Values: [
  'ewqewqe',        'weq',
  '',               '',
  '',               false,
  '',               false,
  'we',             '',
  '',               '',
  '',               '',
  'ewqe',           'we',
  '',               '',
  '',               '324324',
  '32443',          '',
  null,             false,
  [ 'api_access' ], 'Enterprise',
  'Active'
]
Database error in getInvoices: error: column o.org_name does not exist
    at /home/billiton/Documents/Billiton/Expo_project/server/node_modules/pg-pool/index.js:45:11
    at process.processTicksAndRejections (node:internal/process/task_queues:103:5)
    at async getInvoices (/home/billiton/Documents/Billiton/Expo_project/server/controllers/invoiceController.js:7:24) {
  length: 108,
  severity: 'ERROR',
  code: '42703',
  detail: undefined,
  hint: undefined,
  position: '13',
  internalPosition: undefined,
  internalQuery: undefined,
  where: undefined,
  schema: undefined,
  table: undefined,
  column: undefined,
  dataType: undefined,
  constraint: undefined,
  file: 'parse_relation.c',
  line: '3722',
  routine: 'errorMissingColumn'
}
Database error in getInvoices: error: column o.org_name does not exist
    at /home/billiton/Documents/Billiton/Expo_project/server/node_modules/pg-pool/index.js:45:11
    at process.processTicksAndRejections (node:internal/process/task_queues:103:5)
    at async getInvoices (/home/billiton/Documents/Billiton/Expo_project/server/controllers/invoiceController.js:7:24) {
  length: 108,
  severity: 'ERROR',
  code: '42703',
  detail: undefined,
  hint: undefined,
  position: '13',
  internalPosition: undefined,
  internalQuery: undefined,
  where: undefined,
  schema: undefined,
  table: undefined,
  column: undefined,
  dataType: undefined,
  constraint: undefined,
  file: 'parse_relation.c',
  line: '3722',
  routine: 'errorMissingColumn'
}
Error creating plan: error: column "code" of relation "coupons" does not exist
    at /home/billiton/Documents/Billiton/Expo_project/server/node_modules/pg/lib/client.js:545:17
    at process.processTicksAndRejections (node:internal/process/task_queues:103:5)
    at async createPlan (/home/billiton/Documents/Billiton/Expo_project/server/controllers/organizationController.js:564:38) {
  length: 124,
  severity: 'ERROR',
  code: '42703',
  detail: undefined,
  hint: undefined,
  position: '22',
  internalPosition: undefined,
  internalQuery: undefined,
  where: undefined,
  schema: undefined,
  table: undefined,
  column: undefined,
  dataType: undefined,
  constraint: undefined,
  file: 'parse_target.c',
  line: '1066',
  routine: 'checkInsertTargets'
}
